android/app/build/intermediates/manifest_merge_blame_file/debug/processDebugMainManifest/manifest-merger-blame-debug-report.txt
1<?xml version="1.0" encoding="utf-8"?>
2<manifest xmlns:android="http://schemas.android.com/apk/res/android"
3    package="com.boysatwork.app"
4    android:versionCode="1"
5    android:versionName="1.0" >
6
7    <uses-sdk
8        android:minSdkVersion="24"
9        android:targetSdkVersion="36" />
10
11    <!-- Permissions -->
12
13    <uses-permission android:name="android.permission.INTERNET" />
13-->src\main\AndroidManifest.xml:47:5-67
13-->src\main\AndroidManifest.xml:47:22-64
14    <uses-permission android:name="android.permission.ACCESS_COARSE_LOCATION" />
14-->src\main\AndroidManifest.xml:48:5-81
14-->src\main\AndroidManifest.xml:48:22-78
15    <uses-permission android:name="android.permission.ACCESS_FINE_LOCATION" />
15-->src\main\AndroidManifest.xml:49:5-79
15-->src\main\AndroidManifest.xml:49:22-76
16    <uses-permission android:name="android.permission.VIBRATE" />
16-->[:capacitor-haptics] AndroidManifest.xml:7:5-66
16-->[:capacitor-haptics] AndroidManifest.xml:7:22-63
17    <uses-permission android:name="android.permission.ACCESS_NETWORK_STATE" />
17-->[io.ionic.libs:iongeolocation-android:2.1.0] AndroidManifest.xml:7:5-79
17-->[io.ionic.libs:iongeolocation-android:2.1.0] AndroidManifest.xml:7:22-76
18    <uses-permission android:name="android.permission.POST_NOTIFICATIONS" />
18-->[com.google.firebase:firebase-messaging:25.0.1] AndroidManifest.xml:23:5-77
18-->[com.google.firebase:firebase-messaging:25.0.1] AndroidManifest.xml:23:22-74
19    <uses-permission android:name="android.permission.WAKE_LOCK" /> <!-- Required by older versions of Google Play services to create IID tokens -->
19-->[com.google.firebase:firebase-messaging:25.0.1] AndroidManifest.xml:24:5-68
19-->[com.google.firebase:firebase-messaging:25.0.1] AndroidManifest.xml:24:22-65
20    <uses-permission android:name="com.google.android.c2dm.permission.RECEIVE" />
20-->[com.google.firebase:firebase-messaging:25.0.1] AndroidManifest.xml:26:5-82
20-->[com.google.firebase:firebase-messaging:25.0.1] AndroidManifest.xml:26:22-79
21
22    <permission
22-->[androidx.core:core:1.17.0] AndroidManifest.xml:22:5-24:47
23        android:name="com.boysatwork.app.DYNAMIC_RECEIVER_NOT_EXPORTED_PERMISSION"
23-->[androidx.core:core:1.17.0] AndroidManifest.xml:23:9-81
24        android:protectionLevel="signature" />
24-->[androidx.core:core:1.17.0] AndroidManifest.xml:24:9-44
25
26    <uses-permission android:name="com.boysatwork.app.DYNAMIC_RECEIVER_NOT_EXPORTED_PERMISSION" />
26-->[androidx.core:core:1.17.0] AndroidManifest.xml:26:5-97
26-->[androidx.core:core:1.17.0] AndroidManifest.xml:26:22-94
27
28    <application
28-->src\main\AndroidManifest.xml:4:5-43:19
29        android:allowBackup="true"
29-->src\main\AndroidManifest.xml:5:9-35
30        android:appComponentFactory="androidx.core.app.CoreComponentFactory"
30-->[androidx.core:core:1.17.0] AndroidManifest.xml:28:18-86
31        android:debuggable="true"
32        android:extractNativeLibs="false"
33        android:icon="@mipmap/ic_launcher"
33-->src\main\AndroidManifest.xml:6:9-43
34        android:label="@string/app_name"
34-->src\main\AndroidManifest.xml:7:9-41
35        android:roundIcon="@mipmap/ic_launcher_round"
35-->src\main\AndroidManifest.xml:8:9-54
36        android:supportsRtl="true"
36-->src\main\AndroidManifest.xml:9:9-35
37        android:theme="@style/AppTheme" >
37-->src\main\AndroidManifest.xml:10:9-40
38        <activity
38-->src\main\AndroidManifest.xml:12:9-32:20
39            android:name="com.boysatwork.app.MainActivity"
39-->src\main\AndroidManifest.xml:14:13-41
40            android:configChanges="orientation|keyboardHidden|keyboard|screenSize|locale|smallestScreenSize|screenLayout|uiMode|navigation|density"
40-->src\main\AndroidManifest.xml:13:13-148
41            android:exported="true"
41-->src\main\AndroidManifest.xml:18:13-36
42            android:label="@string/title_activity_main"
42-->src\main\AndroidManifest.xml:15:13-56
43            android:launchMode="singleTask"
43-->src\main\AndroidManifest.xml:17:13-44
44            android:theme="@style/AppTheme.NoActionBarLaunch" >
44-->src\main\AndroidManifest.xml:16:13-62
45            <intent-filter>
45-->src\main\AndroidManifest.xml:20:13-23:29
46                <action android:name="android.intent.action.MAIN" />
46-->src\main\AndroidManifest.xml:21:17-69
46-->src\main\AndroidManifest.xml:21:25-66
47
48                <category android:name="android.intent.category.LAUNCHER" />
48-->src\main\AndroidManifest.xml:22:17-77
48-->src\main\AndroidManifest.xml:22:27-74
49            </intent-filter>
50            <intent-filter>
50-->src\main\AndroidManifest.xml:25:13-30:29
51                <action android:name="android.intent.action.VIEW" />
51-->src\main\AndroidManifest.xml:26:17-69
51-->src\main\AndroidManifest.xml:26:25-66
52
53                <category android:name="android.intent.category.DEFAULT" />
53-->src\main\AndroidManifest.xml:27:17-76
53-->src\main\AndroidManifest.xml:27:27-73
54                <category android:name="android.intent.category.BROWSABLE" />
54-->src\main\AndroidManifest.xml:28:17-78
54-->src\main\AndroidManifest.xml:28:27-75
55
56                <data android:scheme="com.boysatwork.app" />
56-->src\main\AndroidManifest.xml:29:17-61
56-->src\main\AndroidManifest.xml:29:23-58
57            </intent-filter>
58        </activity>
59
60        <provider
61            android:name="androidx.core.content.FileProvider"
61-->src\main\AndroidManifest.xml:35:13-62
62            android:authorities="com.boysatwork.app.fileprovider"
62-->src\main\AndroidManifest.xml:36:13-64
63            android:exported="false"
63-->src\main\AndroidManifest.xml:37:13-37
64            android:grantUriPermissions="true" >
64-->src\main\AndroidManifest.xml:38:13-47
65            <meta-data
65-->src\main\AndroidManifest.xml:39:13-41:64
66                android:name="android.support.FILE_PROVIDER_PATHS"
66-->src\main\AndroidManifest.xml:40:17-67
67                android:resource="@xml/file_paths" />
67-->src\main\AndroidManifest.xml:41:17-51
68        </provider>
69
70        <service
70-->[:capacitor-push-notifications] AndroidManifest.xml:8:9-14:19
71            android:name="com.capacitorjs.plugins.pushnotifications.MessagingService"
71-->[:capacitor-push-notifications] AndroidManifest.xml:9:13-86
72            android:exported="false" >
72-->[:capacitor-push-notifications] AndroidManifest.xml:10:13-37
73            <intent-filter>
73-->[:capacitor-push-notifications] AndroidManifest.xml:11:13-13:29
74                <action android:name="com.google.firebase.MESSAGING_EVENT" />
74-->[:capacitor-push-notifications] AndroidManifest.xml:12:17-78
74-->[:capacitor-push-notifications] AndroidManifest.xml:12:25-75
75            </intent-filter>
76        </service>
77
78        <receiver
78-->[com.google.firebase:firebase-messaging:25.0.1] AndroidManifest.xml:29:9-40:20
79            android:name="com.google.firebase.iid.FirebaseInstanceIdReceiver"
79-->[com.google.firebase:firebase-messaging:25.0.1] AndroidManifest.xml:30:13-78
80            android:exported="true"
80-->[com.google.firebase:firebase-messaging:25.0.1] AndroidManifest.xml:31:13-36
81            android:permission="com.google.android.c2dm.permission.SEND" >
81-->[com.google.firebase:firebase-messaging:25.0.1] AndroidManifest.xml:32:13-73
82            <intent-filter>
82-->[com.google.firebase:firebase-messaging:25.0.1] AndroidManifest.xml:33:13-35:29
83                <action android:name="com.google.android.c2dm.intent.RECEIVE" />
83-->[com.google.firebase:firebase-messaging:25.0.1] AndroidManifest.xml:34:17-81
83-->[com.google.firebase:firebase-messaging:25.0.1] AndroidManifest.xml:34:25-78
84            </intent-filter>
85
86            <meta-data
86-->[com.google.firebase:firebase-messaging:25.0.1] AndroidManifest.xml:37:13-39:40
87                android:name="com.google.android.gms.cloudmessaging.FINISHED_AFTER_HANDLED"
87-->[com.google.firebase:firebase-messaging:25.0.1] AndroidManifest.xml:38:17-92
88                android:value="true" />
88-->[com.google.firebase:firebase-messaging:25.0.1] AndroidManifest.xml:39:17-37
89        </receiver>
90        <!--
91             FirebaseMessagingService performs security checks at runtime,
92             but set to not exported to explicitly avoid allowing another app to call it.
93        -->
94        <service
94-->[com.google.firebase:firebase-messaging:25.0.1] AndroidManifest.xml:46:9-53:19
95            android:name="com.google.firebase.messaging.FirebaseMessagingService"
95-->[com.google.firebase:firebase-messaging:25.0.1] AndroidManifest.xml:47:13-82
96            android:directBootAware="true"
96-->[com.google.firebase:firebase-messaging:25.0.1] AndroidManifest.xml:48:13-43
97            android:exported="false" >
97-->[com.google.firebase:firebase-messaging:25.0.1] AndroidManifest.xml:49:13-37
98            <intent-filter android:priority="-500" >
98-->[:capacitor-push-notifications] AndroidManifest.xml:11:13-13:29
99                <action android:name="com.google.firebase.MESSAGING_EVENT" />
99-->[:capacitor-push-notifications] AndroidManifest.xml:12:17-78
99-->[:capacitor-push-notifications] AndroidManifest.xml:12:25-75
100            </intent-filter>
101        </service>
102        <service
102-->[com.google.firebase:firebase-messaging:25.0.1] AndroidManifest.xml:54:9-63:19
103            android:name="com.google.firebase.components.ComponentDiscoveryService"
103-->[com.google.firebase:firebase-messaging:25.0.1] AndroidManifest.xml:55:13-84
104            android:directBootAware="true"
104-->[com.google.firebase:firebase-common:22.0.1] AndroidManifest.xml:32:13-43
105            android:exported="false" >
105-->[com.google.firebase:firebase-messaging:25.0.1] AndroidManifest.xml:56:13-37
106            <meta-data
106-->[com.google.firebase:firebase-messaging:25.0.1] AndroidManifest.xml:57:13-59:85
107                android:name="com.google.firebase.components:com.google.firebase.messaging.FirebaseMessagingKtxRegistrar"
107-->[com.google.firebase:firebase-messaging:25.0.1] AndroidManifest.xml:58:17-122
108                android:value="com.google.firebase.components.ComponentRegistrar" />
108-->[com.google.firebase:firebase-messaging:25.0.1] AndroidManifest.xml:59:17-82
109            <meta-data
109-->[com.google.firebase:firebase-messaging:25.0.1] AndroidManifest.xml:60:13-62:85
110                android:name="com.google.firebase.components:com.google.firebase.messaging.FirebaseMessagingRegistrar"
110-->[com.google.firebase:firebase-messaging:25.0.1] AndroidManifest.xml:61:17-119
111                android:value="com.google.firebase.components.ComponentRegistrar" />
111-->[com.google.firebase:firebase-messaging:25.0.1] AndroidManifest.xml:62:17-82
112            <meta-data
112-->[com.google.firebase:firebase-installations:18.0.0] AndroidManifest.xml:15:13-17:85
113                android:name="com.google.firebase.components:com.google.firebase.installations.FirebaseInstallationsKtxRegistrar"
113-->[com.google.firebase:firebase-installations:18.0.0] AndroidManifest.xml:16:17-130
114                android:value="com.google.firebase.components.ComponentRegistrar" />
114-->[com.google.firebase:firebase-installations:18.0.0] AndroidManifest.xml:17:17-82
115            <meta-data
115-->[com.google.firebase:firebase-installations:18.0.0] AndroidManifest.xml:18:13-20:85
116                android:name="com.google.firebase.components:com.google.firebase.installations.FirebaseInstallationsRegistrar"
116-->[com.google.firebase:firebase-installations:18.0.0] AndroidManifest.xml:19:17-127
117                android:value="com.google.firebase.components.ComponentRegistrar" />
117-->[com.google.firebase:firebase-installations:18.0.0] AndroidManifest.xml:20:17-82
118            <meta-data
118-->[com.google.firebase:firebase-common:22.0.1] AndroidManifest.xml:35:13-37:85
119                android:name="com.google.firebase.components:com.google.firebase.FirebaseCommonKtxRegistrar"
119-->[com.google.firebase:firebase-common:22.0.1] AndroidManifest.xml:36:17-109
120                android:value="com.google.firebase.components.ComponentRegistrar" />
120-->[com.google.firebase:firebase-common:22.0.1] AndroidManifest.xml:37:17-82
121            <meta-data
121-->[com.google.firebase:firebase-datatransport:18.2.0] AndroidManifest.xml:25:13-27:85
122                android:name="com.google.firebase.components:com.google.firebase.datatransport.TransportRegistrar"
122-->[com.google.firebase:firebase-datatransport:18.2.0] AndroidManifest.xml:26:17-115
123                android:value="com.google.firebase.components.ComponentRegistrar" />
123-->[com.google.firebase:firebase-datatransport:18.2.0] AndroidManifest.xml:27:17-82
124        </service>
125
126        <activity
126-->[com.google.android.gms:play-services-base:18.5.0] AndroidManifest.xml:5:9-173
127            android:name="com.google.android.gms.common.api.GoogleApiActivity"
127-->[com.google.android.gms:play-services-base:18.5.0] AndroidManifest.xml:5:19-85
128            android:exported="false"
128-->[com.google.android.gms:play-services-base:18.5.0] AndroidManifest.xml:5:146-170
129            android:theme="@android:style/Theme.Translucent.NoTitleBar" />
129-->[com.google.android.gms:play-services-base:18.5.0] AndroidManifest.xml:5:86-145
130
131        <provider
131-->[androidx.emoji2:emoji2:1.3.0] AndroidManifest.xml:24:9-32:20
132            android:name="androidx.startup.InitializationProvider"
132-->[androidx.emoji2:emoji2:1.3.0] AndroidManifest.xml:25:13-67
133            android:authorities="com.boysatwork.app.androidx-startup"
133-->[androidx.emoji2:emoji2:1.3.0] AndroidManifest.xml:26:13-68
134            android:exported="false" >
134-->[androidx.emoji2:emoji2:1.3.0] AndroidManifest.xml:27:13-37
135            <meta-data
135-->[androidx.emoji2:emoji2:1.3.0] AndroidManifest.xml:29:13-31:52
136                android:name="androidx.emoji2.text.EmojiCompatInitializer"
136-->[androidx.emoji2:emoji2:1.3.0] AndroidManifest.xml:30:17-75
137                android:value="androidx.startup" />
137-->[androidx.emoji2:emoji2:1.3.0] AndroidManifest.xml:31:17-49
138            <meta-data
138-->[androidx.lifecycle:lifecycle-process:2.6.2] AndroidManifest.xml:29:13-31:52
139                android:name="androidx.lifecycle.ProcessLifecycleInitializer"
139-->[androidx.lifecycle:lifecycle-process:2.6.2] AndroidManifest.xml:30:17-78
140                android:value="androidx.startup" />
140-->[androidx.lifecycle:lifecycle-process:2.6.2] AndroidManifest.xml:31:17-49
141            <meta-data
141-->[androidx.profileinstaller:profileinstaller:1.4.0] AndroidManifest.xml:29:13-31:52
142                android:name="androidx.profileinstaller.ProfileInstallerInitializer"
142-->[androidx.profileinstaller:profileinstaller:1.4.0] AndroidManifest.xml:30:17-85
143                android:value="androidx.startup" />
143-->[androidx.profileinstaller:profileinstaller:1.4.0] AndroidManifest.xml:31:17-49
144        </provider>
145        <provider
145-->[com.google.firebase:firebase-common:22.0.1] AndroidManifest.xml:23:9-28:39
146            android:name="com.google.firebase.provider.FirebaseInitProvider"
146-->[com.google.firebase:firebase-common:22.0.1] AndroidManifest.xml:24:13-77
147            android:authorities="com.boysatwork.app.firebaseinitprovider"
147-->[com.google.firebase:firebase-common:22.0.1] AndroidManifest.xml:25:13-72
148            android:directBootAware="true"
148-->[com.google.firebase:firebase-common:22.0.1] AndroidManifest.xml:26:13-43
149            android:exported="false"
149-->[com.google.firebase:firebase-common:22.0.1] AndroidManifest.xml:27:13-37
150            android:initOrder="100" />
150-->[com.google.firebase:firebase-common:22.0.1] AndroidManifest.xml:28:13-36
151
152        <meta-data
152-->[com.google.android.gms:play-services-basement:18.4.0] AndroidManifest.xml:6:9-122
153            android:name="com.google.android.gms.version"
153-->[com.google.android.gms:play-services-basement:18.4.0] AndroidManifest.xml:6:20-65
154            android:value="@integer/google_play_services_version" />
154-->[com.google.android.gms:play-services-basement:18.4.0] AndroidManifest.xml:6:66-119
155
156        <receiver
156-->[androidx.profileinstaller:profileinstaller:1.4.0] AndroidManifest.xml:34:9-52:20
157            android:name="androidx.profileinstaller.ProfileInstallReceiver"
157-->[androidx.profileinstaller:profileinstaller:1.4.0] AndroidManifest.xml:35:13-76
158            android:directBootAware="false"
158-->[androidx.profileinstaller:profileinstaller:1.4.0] AndroidManifest.xml:36:13-44
159            android:enabled="true"
159-->[androidx.profileinstaller:profileinstaller:1.4.0] AndroidManifest.xml:37:13-35
160            android:exported="true"
160-->[androidx.profileinstaller:profileinstaller:1.4.0] AndroidManifest.xml:38:13-36
161            android:permission="android.permission.DUMP" >
161-->[androidx.profileinstaller:profileinstaller:1.4.0] AndroidManifest.xml:39:13-57
162            <intent-filter>
162-->[androidx.profileinstaller:profileinstaller:1.4.0] AndroidManifest.xml:40:13-42:29
163                <action android:name="androidx.profileinstaller.action.INSTALL_PROFILE" />
163-->[androidx.profileinstaller:profileinstaller:1.4.0] AndroidManifest.xml:41:17-91
163-->[androidx.profileinstaller:profileinstaller:1.4.0] AndroidManifest.xml:41:25-88
164            </intent-filter>
165            <intent-filter>
165-->[androidx.profileinstaller:profileinstaller:1.4.0] AndroidManifest.xml:43:13-45:29
166                <action android:name="androidx.profileinstaller.action.SKIP_FILE" />
166-->[androidx.profileinstaller:profileinstaller:1.4.0] AndroidManifest.xml:44:17-85
166-->[androidx.profileinstaller:profileinstaller:1.4.0] AndroidManifest.xml:44:25-82
167            </intent-filter>
168            <intent-filter>
168-->[androidx.profileinstaller:profileinstaller:1.4.0] AndroidManifest.xml:46:13-48:29
169                <action android:name="androidx.profileinstaller.action.SAVE_PROFILE" />
169-->[androidx.profileinstaller:profileinstaller:1.4.0] AndroidManifest.xml:47:17-88
169-->[androidx.profileinstaller:profileinstaller:1.4.0] AndroidManifest.xml:47:25-85
170            </intent-filter>
171            <intent-filter>
171-->[androidx.profileinstaller:profileinstaller:1.4.0] AndroidManifest.xml:49:13-51:29
172                <action android:name="androidx.profileinstaller.action.BENCHMARK_OPERATION" />
172-->[androidx.profileinstaller:profileinstaller:1.4.0] AndroidManifest.xml:50:17-95
172-->[androidx.profileinstaller:profileinstaller:1.4.0] AndroidManifest.xml:50:25-92
173            </intent-filter>
174        </receiver>
175
176        <service
176-->[com.google.android.datatransport:transport-backend-cct:3.1.9] AndroidManifest.xml:28:9-34:19
177            android:name="com.google.android.datatransport.runtime.backends.TransportBackendDiscovery"
177-->[com.google.android.datatransport:transport-backend-cct:3.1.9] AndroidManifest.xml:29:13-103
178            android:exported="false" >
178-->[com.google.android.datatransport:transport-backend-cct:3.1.9] AndroidManifest.xml:30:13-37
179            <meta-data
179-->[com.google.android.datatransport:transport-backend-cct:3.1.9] AndroidManifest.xml:31:13-33:39
180                android:name="backend:com.google.android.datatransport.cct.CctBackendFactory"
180-->[com.google.android.datatransport:transport-backend-cct:3.1.9] AndroidManifest.xml:32:17-94
181                android:value="cct" />
181-->[com.google.android.datatransport:transport-backend-cct:3.1.9] AndroidManifest.xml:33:17-36
182        </service>
183        <service
183-->[com.google.android.datatransport:transport-runtime:3.1.9] AndroidManifest.xml:26:9-30:19
184            android:name="com.google.android.datatransport.runtime.scheduling.jobscheduling.JobInfoSchedulerService"
184-->[com.google.android.datatransport:transport-runtime:3.1.9] AndroidManifest.xml:27:13-117
185            android:exported="false"
185-->[com.google.android.datatransport:transport-runtime:3.1.9] AndroidManifest.xml:28:13-37
186            android:permission="android.permission.BIND_JOB_SERVICE" >
186-->[com.google.android.datatransport:transport-runtime:3.1.9] AndroidManifest.xml:29:13-69
187        </service>
188
189        <receiver
189-->[com.google.android.datatransport:transport-runtime:3.1.9] AndroidManifest.xml:32:9-34:40
190            android:name="com.google.android.datatransport.runtime.scheduling.jobscheduling.AlarmManagerSchedulerBroadcastReceiver"
190-->[com.google.android.datatransport:transport-runtime:3.1.9] AndroidManifest.xml:33:13-132
191            android:exported="false" />
191-->[com.google.android.datatransport:transport-runtime:3.1.9] AndroidManifest.xml:34:13-37
192    </application>
193
194</manifest>